2023-06-05 13:42:03.083  INFO 21128 --- [main] avaReportPoiMillionDataExportApplication : Starting JavaReportPoiMillionDataExportApplication using Java 1.8.0_332 on mao with PID 21128 (D:\程序\大四下期\java_report_poi_million_data_export\target\classes started by mao in D:\程序\大四下期\java_report_poi_million_data_export)
2023-06-05 13:42:03.084 DEBUG 21128 --- [main] avaReportPoiMillionDataExportApplication : Running with Spring Boot v2.7.1, Spring v5.3.21
2023-06-05 13:42:03.085  INFO 21128 --- [main] avaReportPoiMillionDataExportApplication : No active profile set, falling back to 1 default profile: "default"
2023-06-05 13:42:03.264  WARN 21128 --- [main] o.m.s.mapper.ClassPathMapperScanner      : No MyBatis mapper was found in '[mao.java_report_poi_million_data_export]' package. Please check your configuration.
2023-06-05 13:42:03.359  INFO 21128 --- [main] c.a.d.s.b.a.DruidDataSourceAutoConfigure : Init DruidDataSource
2023-06-05 13:42:03.404 ERROR 21128 --- [main] com.alibaba.druid.pool.DruidDataSource   : {dataSource-1} init error

java.sql.SQLException: com.mysql.cj.jdbc.Driver
	at com.alibaba.druid.util.JdbcUtils.createDriver(JdbcUtils.java:683) ~[druid-1.2.8.jar:1.2.8]
	at com.alibaba.druid.pool.DruidDataSource.resolveDriver(DruidDataSource.java:1222) ~[druid-1.2.8.jar:1.2.8]
	at com.alibaba.druid.pool.DruidDataSource.init(DruidDataSource.java:891) ~[druid-1.2.8.jar:1.2.8]
	at sun.reflect.NativeMethodAccessorImpl.invoke0(Native Method) ~[na:1.8.0_332]
	at sun.reflect.NativeMethodAccessorImpl.invoke(NativeMethodAccessorImpl.java:62) ~[na:1.8.0_332]
	at sun.reflect.DelegatingMethodAccessorImpl.invoke(DelegatingMethodAccessorImpl.java:43) ~[na:1.8.0_332]
	at java.lang.reflect.Method.invoke(Method.java:498) ~[na:1.8.0_332]
	at org.springframework.beans.factory.support.AbstractAutowireCapableBeanFactory.invokeCustomInitMethod(AbstractAutowireCapableBeanFactory.java:1930) [spring-beans-5.3.21.jar:5.3.21]
	at org.springframework.beans.factory.support.AbstractAutowireCapableBeanFactory.invokeInitMethods(AbstractAutowireCapableBeanFactory.java:1872) [spring-beans-5.3.21.jar:5.3.21]
	at org.springframework.beans.factory.support.AbstractAutowireCapableBeanFactory.initializeBean(AbstractAutowireCapableBeanFactory.java:1800) [spring-beans-5.3.21.jar:5.3.21]
	at org.springframework.beans.factory.support.AbstractAutowireCapableBeanFactory.doCreateBean(AbstractAutowireCapableBeanFactory.java:620) [spring-beans-5.3.21.jar:5.3.21]
	at org.springframework.beans.factory.support.AbstractAutowireCapableBeanFactory.createBean(AbstractAutowireCapableBeanFactory.java:542) [spring-beans-5.3.21.jar:5.3.21]
	at org.springframework.beans.factory.support.AbstractBeanFactory.lambda$doGetBean$0(AbstractBeanFactory.java:335) [spring-beans-5.3.21.jar:5.3.21]
	at org.springframework.beans.factory.support.DefaultSingletonBeanRegistry.getSingleton(DefaultSingletonBeanRegistry.java:234) ~[spring-beans-5.3.21.jar:5.3.21]
	at org.springframework.beans.factory.support.AbstractBeanFactory.doGetBean(AbstractBeanFactory.java:333) [spring-beans-5.3.21.jar:5.3.21]
	at org.springframework.beans.factory.support.AbstractBeanFactory.getBean(AbstractBeanFactory.java:208) [spring-beans-5.3.21.jar:5.3.21]
	at org.springframework.beans.factory.support.DefaultListableBeanFactory.preInstantiateSingletons(DefaultListableBeanFactory.java:955) ~[spring-beans-5.3.21.jar:5.3.21]
	at org.springframework.context.support.AbstractApplicationContext.finishBeanFactoryInitialization(AbstractApplicationContext.java:918) ~[spring-context-5.3.21.jar:5.3.21]
	at org.springframework.context.support.AbstractApplicationContext.refresh(AbstractApplicationContext.java:583) ~[spring-context-5.3.21.jar:5.3.21]
	at org.springframework.boot.SpringApplication.refresh(SpringApplication.java:734) ~[spring-boot-2.7.1.jar:2.7.1]
	at org.springframework.boot.SpringApplication.refreshContext(SpringApplication.java:408) ~[spring-boot-2.7.1.jar:2.7.1]
	at org.springframework.boot.SpringApplication.run(SpringApplication.java:308) ~[spring-boot-2.7.1.jar:2.7.1]
	at org.springframework.boot.SpringApplication.run(SpringApplication.java:1306) ~[spring-boot-2.7.1.jar:2.7.1]
	at org.springframework.boot.SpringApplication.run(SpringApplication.java:1295) ~[spring-boot-2.7.1.jar:2.7.1]
	at mao.java_report_poi_million_data_export.JavaReportPoiMillionDataExportApplication.main(JavaReportPoiMillionDataExportApplication.java:12) ~[classes/:na]
Caused by: java.lang.ClassNotFoundException: com.mysql.cj.jdbc.Driver
	at java.net.URLClassLoader.findClass(URLClassLoader.java:387) ~[na:1.8.0_332]
	at java.lang.ClassLoader.loadClass(ClassLoader.java:418) ~[na:1.8.0_332]
	at sun.misc.Launcher$AppClassLoader.loadClass(Launcher.java:352) ~[na:1.8.0_332]
	at java.lang.ClassLoader.loadClass(ClassLoader.java:351) ~[na:1.8.0_332]
	at java.lang.Class.forName0(Native Method) ~[na:1.8.0_332]
	at java.lang.Class.forName(Class.java:264) ~[na:1.8.0_332]
	at com.alibaba.druid.util.JdbcUtils.createDriver(JdbcUtils.java:681) ~[druid-1.2.8.jar:1.2.8]
	... 24 common frames omitted

2023-06-05 13:42:03.405  WARN 21128 --- [main] s.c.a.AnnotationConfigApplicationContext : Exception encountered during context initialization - cancelling refresh attempt: org.springframework.beans.factory.BeanCreationException: Error creating bean with name 'dataSource' defined in class path resource [com/alibaba/druid/spring/boot/autoconfigure/DruidDataSourceAutoConfigure.class]: Invocation of init method failed; nested exception is java.sql.SQLException: com.mysql.cj.jdbc.Driver
2023-06-05 13:42:03.409  INFO 21128 --- [main] ConditionEvaluationReportLoggingListener : 

Error starting ApplicationContext. To display the conditions report re-run your application with 'debug' enabled.
2023-06-05 13:42:03.416 ERROR 21128 --- [main] o.s.boot.SpringApplication               : Application run failed

org.springframework.beans.factory.BeanCreationException: Error creating bean with name 'dataSource' defined in class path resource [com/alibaba/druid/spring/boot/autoconfigure/DruidDataSourceAutoConfigure.class]: Invocation of init method failed; nested exception is java.sql.SQLException: com.mysql.cj.jdbc.Driver
	at org.springframework.beans.factory.support.AbstractAutowireCapableBeanFactory.initializeBean(AbstractAutowireCapableBeanFactory.java:1804) ~[spring-beans-5.3.21.jar:5.3.21]
	at org.springframework.beans.factory.support.AbstractAutowireCapableBeanFactory.doCreateBean(AbstractAutowireCapableBeanFactory.java:620) ~[spring-beans-5.3.21.jar:5.3.21]
	at org.springframework.beans.factory.support.AbstractAutowireCapableBeanFactory.createBean(AbstractAutowireCapableBeanFactory.java:542) ~[spring-beans-5.3.21.jar:5.3.21]
	at org.springframework.beans.factory.support.AbstractBeanFactory.lambda$doGetBean$0(AbstractBeanFactory.java:335) ~[spring-beans-5.3.21.jar:5.3.21]
	at org.springframework.beans.factory.support.DefaultSingletonBeanRegistry.getSingleton(DefaultSingletonBeanRegistry.java:234) ~[spring-beans-5.3.21.jar:5.3.21]
	at org.springframework.beans.factory.support.AbstractBeanFactory.doGetBean(AbstractBeanFactory.java:333) ~[spring-beans-5.3.21.jar:5.3.21]
	at org.springframework.beans.factory.support.AbstractBeanFactory.getBean(AbstractBeanFactory.java:208) ~[spring-beans-5.3.21.jar:5.3.21]
	at org.springframework.beans.factory.support.DefaultListableBeanFactory.preInstantiateSingletons(DefaultListableBeanFactory.java:955) ~[spring-beans-5.3.21.jar:5.3.21]
	at org.springframework.context.support.AbstractApplicationContext.finishBeanFactoryInitialization(AbstractApplicationContext.java:918) ~[spring-context-5.3.21.jar:5.3.21]
	at org.springframework.context.support.AbstractApplicationContext.refresh(AbstractApplicationContext.java:583) ~[spring-context-5.3.21.jar:5.3.21]
	at org.springframework.boot.SpringApplication.refresh(SpringApplication.java:734) [spring-boot-2.7.1.jar:2.7.1]
	at org.springframework.boot.SpringApplication.refreshContext(SpringApplication.java:408) [spring-boot-2.7.1.jar:2.7.1]
	at org.springframework.boot.SpringApplication.run(SpringApplication.java:308) [spring-boot-2.7.1.jar:2.7.1]
	at org.springframework.boot.SpringApplication.run(SpringApplication.java:1306) [spring-boot-2.7.1.jar:2.7.1]
	at org.springframework.boot.SpringApplication.run(SpringApplication.java:1295) [spring-boot-2.7.1.jar:2.7.1]
	at mao.java_report_poi_million_data_export.JavaReportPoiMillionDataExportApplication.main(JavaReportPoiMillionDataExportApplication.java:12) [classes/:na]
Caused by: java.sql.SQLException: com.mysql.cj.jdbc.Driver
	at com.alibaba.druid.util.JdbcUtils.createDriver(JdbcUtils.java:683) ~[druid-1.2.8.jar:1.2.8]
	at com.alibaba.druid.pool.DruidDataSource.resolveDriver(DruidDataSource.java:1222) ~[druid-1.2.8.jar:1.2.8]
	at com.alibaba.druid.pool.DruidDataSource.init(DruidDataSource.java:891) ~[druid-1.2.8.jar:1.2.8]
	at sun.reflect.NativeMethodAccessorImpl.invoke0(Native Method) ~[na:1.8.0_332]
	at sun.reflect.NativeMethodAccessorImpl.invoke(NativeMethodAccessorImpl.java:62) ~[na:1.8.0_332]
	at sun.reflect.DelegatingMethodAccessorImpl.invoke(DelegatingMethodAccessorImpl.java:43) ~[na:1.8.0_332]
	at java.lang.reflect.Method.invoke(Method.java:498) ~[na:1.8.0_332]
	at org.springframework.beans.factory.support.AbstractAutowireCapableBeanFactory.invokeCustomInitMethod(AbstractAutowireCapableBeanFactory.java:1930) ~[spring-beans-5.3.21.jar:5.3.21]
	at org.springframework.beans.factory.support.AbstractAutowireCapableBeanFactory.invokeInitMethods(AbstractAutowireCapableBeanFactory.java:1872) ~[spring-beans-5.3.21.jar:5.3.21]
	at org.springframework.beans.factory.support.AbstractAutowireCapableBeanFactory.initializeBean(AbstractAutowireCapableBeanFactory.java:1800) ~[spring-beans-5.3.21.jar:5.3.21]
	... 15 common frames omitted
Caused by: java.lang.ClassNotFoundException: com.mysql.cj.jdbc.Driver
	at java.net.URLClassLoader.findClass(URLClassLoader.java:387) ~[na:1.8.0_332]
	at java.lang.ClassLoader.loadClass(ClassLoader.java:418) ~[na:1.8.0_332]
	at sun.misc.Launcher$AppClassLoader.loadClass(Launcher.java:352) ~[na:1.8.0_332]
	at java.lang.ClassLoader.loadClass(ClassLoader.java:351) ~[na:1.8.0_332]
	at java.lang.Class.forName0(Native Method) ~[na:1.8.0_332]
	at java.lang.Class.forName(Class.java:264) ~[na:1.8.0_332]
	at com.alibaba.druid.util.JdbcUtils.createDriver(JdbcUtils.java:681) ~[druid-1.2.8.jar:1.2.8]
	... 24 common frames omitted

2023-06-05 13:42:24.657  INFO 21624 --- [main] avaReportPoiMillionDataExportApplication : Starting JavaReportPoiMillionDataExportApplication using Java 1.8.0_332 on mao with PID 21624 (D:\程序\大四下期\java_report_poi_million_data_export\target\classes started by mao in D:\程序\大四下期\java_report_poi_million_data_export)
2023-06-05 13:42:24.658 DEBUG 21624 --- [main] avaReportPoiMillionDataExportApplication : Running with Spring Boot v2.7.1, Spring v5.3.21
2023-06-05 13:42:24.659  INFO 21624 --- [main] avaReportPoiMillionDataExportApplication : No active profile set, falling back to 1 default profile: "default"
2023-06-05 13:42:24.854  WARN 21624 --- [main] o.m.s.mapper.ClassPathMapperScanner      : No MyBatis mapper was found in '[mao.java_report_poi_million_data_export]' package. Please check your configuration.
2023-06-05 13:42:24.950  INFO 21624 --- [main] c.a.d.s.b.a.DruidDataSourceAutoConfigure : Init DruidDataSource
2023-06-05 13:42:25.009  INFO 21624 --- [main] com.alibaba.druid.pool.DruidDataSource   : {dataSource-1} inited
2023-06-05 13:42:25.427  INFO 21624 --- [main] avaReportPoiMillionDataExportApplication : Started JavaReportPoiMillionDataExportApplication in 0.952 seconds (JVM running for 1.426)
2023-06-05 13:42:25.429  INFO 21624 --- [SpringApplicationShutdownHook] com.alibaba.druid.pool.DruidDataSource   : {dataSource-1} closing ...
2023-06-05 13:42:25.430  INFO 21624 --- [SpringApplicationShutdownHook] com.alibaba.druid.pool.DruidDataSource   : {dataSource-1} closed
2023-06-05 13:46:59.522  INFO 1960 --- [main] avaReportPoiMillionDataExportApplication : Starting JavaReportPoiMillionDataExportApplication using Java 1.8.0_332 on mao with PID 1960 (D:\程序\大四下期\java_report_poi_million_data_export\target\classes started by mao in D:\程序\大四下期\java_report_poi_million_data_export)
2023-06-05 13:46:59.523 DEBUG 1960 --- [main] avaReportPoiMillionDataExportApplication : Running with Spring Boot v2.7.1, Spring v5.3.21
2023-06-05 13:46:59.523  INFO 1960 --- [main] avaReportPoiMillionDataExportApplication : No active profile set, falling back to 1 default profile: "default"
2023-06-05 13:46:59.804  INFO 1960 --- [main] c.a.d.s.b.a.DruidDataSourceAutoConfigure : Init DruidDataSource
2023-06-05 13:46:59.860  INFO 1960 --- [main] com.alibaba.druid.pool.DruidDataSource   : {dataSource-1} inited
2023-06-05 13:47:00.343  INFO 1960 --- [main] avaReportPoiMillionDataExportApplication : Started JavaReportPoiMillionDataExportApplication in 0.995 seconds (JVM running for 1.459)
2023-06-05 13:47:00.345  INFO 1960 --- [SpringApplicationShutdownHook] com.alibaba.druid.pool.DruidDataSource   : {dataSource-1} closing ...
2023-06-05 13:47:00.346  INFO 1960 --- [SpringApplicationShutdownHook] com.alibaba.druid.pool.DruidDataSource   : {dataSource-1} closed
2023-06-05 13:49:32.658  INFO 4836 --- [main] avaReportPoiMillionDataExportApplication : Starting JavaReportPoiMillionDataExportApplication using Java 1.8.0_332 on mao with PID 4836 (D:\程序\大四下期\java_report_poi_million_data_export\target\classes started by mao in D:\程序\大四下期\java_report_poi_million_data_export)
2023-06-05 13:49:32.659 DEBUG 4836 --- [main] avaReportPoiMillionDataExportApplication : Running with Spring Boot v2.7.1, Spring v5.3.21
2023-06-05 13:49:32.659  INFO 4836 --- [main] avaReportPoiMillionDataExportApplication : No active profile set, falling back to 1 default profile: "default"
2023-06-05 13:49:32.970  INFO 4836 --- [main] c.a.d.s.b.a.DruidDataSourceAutoConfigure : Init DruidDataSource
2023-06-05 13:49:33.028  INFO 4836 --- [main] com.alibaba.druid.pool.DruidDataSource   : {dataSource-1} inited
2023-06-05 13:49:33.516  INFO 4836 --- [main] avaReportPoiMillionDataExportApplication : Started JavaReportPoiMillionDataExportApplication in 1.033 seconds (JVM running for 1.506)
2023-06-05 13:49:33.694 DEBUG 4836 --- [main] m.j.mapper.UserMapper.selectById         : ==>  Preparing: SELECT id,user_name,phone,hire_date,address FROM user WHERE id=?
2023-06-05 13:49:33.705 DEBUG 4836 --- [main] m.j.mapper.UserMapper.selectById         : ==> Parameters: 1(Integer)
2023-06-05 13:49:37.021 DEBUG 4836 --- [main] m.j.mapper.UserMapper.selectById         : <==      Total: 1
2023-06-05 13:49:37.022  INFO 4836 --- [main] avaReportPoiMillionDataExportApplication : User(id=1, userName=姓名1, phone=18800000008, hireDate=2023-06-04T22:59:21, address=中国)
2023-06-05 13:49:37.024  INFO 4836 --- [SpringApplicationShutdownHook] com.alibaba.druid.pool.DruidDataSource   : {dataSource-1} closing ...
2023-06-05 13:49:37.025  INFO 4836 --- [SpringApplicationShutdownHook] com.alibaba.druid.pool.DruidDataSource   : {dataSource-1} closed
2023-06-05 13:50:01.458  INFO 2008 --- [main] avaReportPoiMillionDataExportApplication : Starting JavaReportPoiMillionDataExportApplication using Java 1.8.0_332 on mao with PID 2008 (D:\程序\大四下期\java_report_poi_million_data_export\target\classes started by mao in D:\程序\大四下期\java_report_poi_million_data_export)
2023-06-05 13:50:01.459 DEBUG 2008 --- [main] avaReportPoiMillionDataExportApplication : Running with Spring Boot v2.7.1, Spring v5.3.21
2023-06-05 13:50:01.459  INFO 2008 --- [main] avaReportPoiMillionDataExportApplication : No active profile set, falling back to 1 default profile: "default"
2023-06-05 13:50:01.773  INFO 2008 --- [main] c.a.d.s.b.a.DruidDataSourceAutoConfigure : Init DruidDataSource
2023-06-05 13:50:01.830  INFO 2008 --- [main] com.alibaba.druid.pool.DruidDataSource   : {dataSource-1} inited
2023-06-05 13:50:02.296  INFO 2008 --- [main] avaReportPoiMillionDataExportApplication : Started JavaReportPoiMillionDataExportApplication in 1.022 seconds (JVM running for 1.501)
2023-06-05 13:50:02.416 DEBUG 2008 --- [main] m.j.mapper.UserMapper.selectById         : ==>  Preparing: SELECT id,user_name,phone,hire_date,address FROM user WHERE id=?
